RepairsApp/app/build/outputs/logs/manifest-merger-debug-report.txt
-- Merging decision tree log ---
manifest
ADDED from src\main\AndroidManifest.xml:2:1-76:12
INJECTED from src\main\AndroidManifest.xml:2:1-76:12
INJECTED from src\main\AndroidManifest.xml:2:1-76:12
INJECTED from src\main\AndroidManifest.xml:2:1-76:12
MERGED from [com.google.android.gms:play-services:4.0.30] AndroidManifest.xml:2:1-9:12
INJECTED from src\main\AndroidManifest.xml:2:1-76:12
INJECTED from src\main\AndroidManifest.xml:2:1-76:12
INJECTED from src\main\AndroidManifest.xml:2:1-76:12
	package
		ADDED from src\main\AndroidManifest.xml:3:11-36
		INJECTED from src\main\AndroidManifest.xml
		INJECTED from src\main\AndroidManifest.xml
	android:versionName
		ADDED from src\main\AndroidManifest.xml:5:11-36
		INJECTED from src\main\AndroidManifest.xml
		INJECTED from src\main\AndroidManifest.xml
	xmlns:android
		ADDED from src\main\AndroidManifest.xml:2:11-69
	android:versionCode
		ADDED from src\main\AndroidManifest.xml:4:11-34
		INJECTED from src\main\AndroidManifest.xml
		INJECTED from src\main\AndroidManifest.xml
uses-sdk
ADDED from src\main\AndroidManifest.xml:7:6-9:40
INJECTED from src\main\AndroidManifest.xml:7:6-9:40
INJECTED from src\main\AndroidManifest.xml:7:6-9:40
MERGED from [com.google.android.gms:play-services:4.0.30] AndroidManifest.xml:7:5-42
MERGED from [com.google.android.gms:play-services:4.0.30] AndroidManifest.xml:7:5-42
INJECTED from src\main\AndroidManifest.xml:7:6-9:40
INJECTED from src\main\AndroidManifest.xml:7:6-9:40
	android:maxSdkVersion
		ADDED from src\main\AndroidManifest.xml:9:11-37
	android:targetSdkVersion
		ADDED from src\main\AndroidManifest.xml:8:11-40
		INJECTED from src\main\AndroidManifest.xml
		INJECTED from src\main\AndroidManifest.xml
	android:minSdkVersion
		ADDED from src\main\AndroidManifest.xml:7:16-42
		INJECTED from src\main\AndroidManifest.xml
		INJECTED from src\main\AndroidManifest.xml
uses-permission#android.permission.INTERNET
ADDED from src\main\AndroidManifest.xml:11:5-67
	android:name
		ADDED from src\main\AndroidManifest.xml:11:22-64
uses-permission#android.permission.WRITE_EXTERNAL_STORAGE
ADDED from src\main\AndroidManifest.xml:12:5-80
	android:name
		ADDED from src\main\AndroidManifest.xml:12:22-78
uses-permission#android.permission.ACCESS_NETWORK_STATE
ADDED from src\main\AndroidManifest.xml:15:5-78
	android:name
		ADDED from src\main\AndroidManifest.xml:15:22-76
uses-permission#android.permission.ACCESS_GPS
ADDED from src\main\AndroidManifest.xml:17:5-68
	android:name
		ADDED from src\main\AndroidManifest.xml:17:22-66
uses-permission#android.permission.ACCESS_LOCATION
ADDED from src\main\AndroidManifest.xml:18:5-73
	android:name
		ADDED from src\main\AndroidManifest.xml:18:22-71
uses-permission#android.permission.ACCESS_COARSE_LOCATION
ADDED from src\main\AndroidManifest.xml:19:5-81
	android:name
		ADDED from src\main\AndroidManifest.xml:19:22-78
uses-permission#android.permission.ACCESS_FINE_LOCATION
ADDED from src\main\AndroidManifest.xml:20:5-79
	android:name
		ADDED from src\main\AndroidManifest.xml:20:22-76
application
ADDED from src\main\AndroidManifest.xml:24:5-75:19
	android:label
		ADDED from src\main\AndroidManifest.xml:25:18-50
	android:hardwareAccelerated
		ADDED from src\main\AndroidManifest.xml:26:18-52
	android:icon
		ADDED from src\main\AndroidManifest.xml:27:18-51
	android:theme
		ADDED from src\main\AndroidManifest.xml:28:18-65
	android:name
		ADDED from src\main\AndroidManifest.xml:24:18-46
activity#edu.upc.repairs.a_WelcomeActivity
ADDED from src\main\AndroidManifest.xml:30:9-37:20
	android:screenOrientation
		ADDED from src\main\AndroidManifest.xml:31:19-55
	android:label
		ADDED from src\main\AndroidManifest.xml:32:19-51
	android:name
		ADDED from src\main\AndroidManifest.xml:30:19-52
intent-filter#action:name:android.intent.action.MAIN+category:name:android.intent.category.LAUNCHER
ADDED from src\main\AndroidManifest.xml:33:13-36:29
action#android.intent.action.MAIN
ADDED from src\main\AndroidManifest.xml:34:17-69
	android:name
		ADDED from src\main\AndroidManifest.xml:34:25-66
category#android.intent.category.LAUNCHER
ADDED from src\main\AndroidManifest.xml:35:17-77
	android:name
		ADDED from src\main\AndroidManifest.xml:35:27-74
activity#edu.upc.repairs.b_LoginActivity
ADDED from src\main\AndroidManifest.xml:39:9-42:48
	android:screenOrientation
		ADDED from src\main\AndroidManifest.xml:40:19-55
	android:label
		ADDED from src\main\AndroidManifest.xml:42:19-45
	android:theme
		ADDED from src\main\AndroidManifest.xml:41:19-62
	android:name
		ADDED from src\main\AndroidManifest.xml:39:19-49
activity#edu.upc.repairs.c_RegistrationActivity
ADDED from src\main\AndroidManifest.xml:44:9-47:62
	android:screenOrientation
		ADDED from src\main\AndroidManifest.xml:45:19-55
	android:label
		ADDED from src\main\AndroidManifest.xml:46:19-47
	android:windowSoftInputMode
		ADDED from src\main\AndroidManifest.xml:47:19-60
	android:name
		ADDED from src\main\AndroidManifest.xml:44:19-56
activity#edu.upc.repairs.d_WorkOrdersActivity_1
ADDED from src\main\AndroidManifest.xml:49:9-50:48
	android:label
		ADDED from src\main\AndroidManifest.xml:50:19-45
	android:name
		ADDED from src\main\AndroidManifest.xml:49:19-57
activity#edu.upc.repairs.d_WorkOrdersActivity_2_websocket
ADDED from src\main\AndroidManifest.xml:51:9-52:48
	android:label
		ADDED from src\main\AndroidManifest.xml:52:19-45
	android:name
		ADDED from src\main\AndroidManifest.xml:51:19-67
activity#edu.upc.repairs.d_WorkOrdersActivity_3_broadcast_receiver
ADDED from src\main\AndroidManifest.xml:53:9-54:48
	android:label
		ADDED from src\main\AndroidManifest.xml:54:19-45
	android:name
		ADDED from src\main\AndroidManifest.xml:53:19-76
activity#edu.upc.repairs.e_DetailsActivity
ADDED from src\main\AndroidManifest.xml:56:9-59:63
	android:screenOrientation
		ADDED from src\main\AndroidManifest.xml:57:19-55
	android:label
		ADDED from src\main\AndroidManifest.xml:58:19-42
	android:windowSoftInputMode
		ADDED from src\main\AndroidManifest.xml:59:19-60
	android:name
		ADDED from src\main\AndroidManifest.xml:56:19-51
activity#edu.upc.repairs.f_GoogleMapsActivity
ADDED from src\main\AndroidManifest.xml:61:9-62:46
	android:label
		ADDED from src\main\AndroidManifest.xml:62:19-43
	android:name
		ADDED from src\main\AndroidManifest.xml:61:19-55
service#edu.upc.repairs.service.PushService
ADDED from src\main\AndroidManifest.xml:64:9-56
	android:name
		ADDED from src\main\AndroidManifest.xml:64:18-53
service#edu.upc.repairs.service.LocationService
ADDED from src\main\AndroidManifest.xml:65:9-60
	android:name
		ADDED from src\main\AndroidManifest.xml:65:18-57
meta-data#com.google.android.maps.v2.API_KEY
ADDED from src\main\AndroidManifest.xml:69:9-70:77
	android:value
		ADDED from src\main\AndroidManifest.xml:70:20-75
	android:name
		ADDED from src\main\AndroidManifest.xml:69:20-69
meta-data#com.google.android.gms.version
ADDED from src\main\AndroidManifest.xml:72:9-73:76
	android:value
		ADDED from src\main\AndroidManifest.xml:73:20-73
	android:name
		ADDED from src\main\AndroidManifest.xml:72:20-65